<?xml version="1.0" encoding="UTF-8"?>
<!-- Generated by org.testng.reporters.JUnitReportReporter -->
<testsuite skipped="0" hostname="Ritesh-P" name="test.TestClass2" tests="1" failures="0" timestamp="2020-07-16T14:34:00 IST" time="2.527" errors="0">
  <testcase name="validateReponseHeader" time="2.527" classname="test.TestClass2"/>
  <system-out/>
</testsuite> <!-- test.TestClass2 -->
