<?xml version="1.0" encoding="UTF-8"?>
<!-- Generated by org.testng.reporters.JUnitReportReporter -->
<testsuite skipped="0" hostname="Ritesh-P" name="test.PostTest" tests="3" failures="0" timestamp="2020-07-19T19:06:42 IST" time="4.234" errors="0">
  <testcase name="postBodyUsingJsonObject" time="0.801" classname="test.PostTest"/>
  <system-out/>
  <testcase name="getListOfUsersUsingFileRead" time="0.795" classname="test.PostTest"/>
  <system-out/>
  <testcase name="getListOfUsers" time="2.638" classname="test.PostTest"/>
  <system-out/>
</testsuite> <!-- test.PostTest -->
