<?xml version="1.0" encoding="UTF-8"?>
<!-- Generated by org.testng.reporters.JUnitReportReporter -->
<testsuite skipped="0" hostname="Ritesh-P" name="test.ParametersTest2" tests="1" failures="0" timestamp="2020-07-16T15:52:53 IST" time="4.557" errors="0">
  <testcase name="getListOfUsers" time="4.557" classname="test.ParametersTest2"/>
  <system-out/>
</testsuite> <!-- test.ParametersTest2 -->
