<?xml version="1.0" encoding="UTF-8"?>
<!-- Generated by org.testng.reporters.JUnitReportReporter -->
<testsuite skipped="0" hostname="Ritesh-P" name="test.ParametersTest" tests="6" failures="0" timestamp="2020-07-19T19:19:38 IST" time="6.096" errors="0">
  <testcase name="getListOfUsers" time="0.739" classname="test.ParametersTest"/>
  <system-out/>
  <testcase name="getSingleUser" time="0.803" classname="test.ParametersTest"/>
  <system-out/>
  <testcase name="getListOfUsers" time="2.304" classname="test.ParametersTest"/>
  <system-out/>
  <testcase name="getListOfUsers" time="0.757" classname="test.ParametersTest"/>
  <system-out/>
  <testcase name="getSingleUser" time="0.752" classname="test.ParametersTest"/>
  <system-out/>
  <testcase name="getSingleUser" time="0.741" classname="test.ParametersTest"/>
  <system-out/>
</testsuite> <!-- test.ParametersTest -->
