<?xml version="1.0" encoding="UTF-8"?>
<!-- Generated by org.testng.reporters.JUnitReportReporter -->
<testsuite skipped="1" hostname="Ritesh-P" name="test.AuthenticateTest" tests="4" failures="0" timestamp="2020-07-19T19:07:58 IST" time="4.286" errors="0">
  <testcase name="getListOfUsers" time="2.769" classname="test.AuthenticateTest"/>
  <system-out/>
  <testcase name="getListOfUsers" time="0.760" classname="test.AuthenticateTest"/>
  <system-out/>
  <testcase name="getListOfUsers" time="0.757" classname="test.AuthenticateTest"/>
  <system-out/>
  <testcase name="getSingleUser" classname="test.AuthenticateTest">
    <skipped/>
  </testcase> <!-- getSingleUser -->
  <system-out/>
</testsuite> <!-- test.AuthenticateTest -->
