<?xml version="1.0" encoding="UTF-8"?>
<!-- Generated by org.testng.reporters.JUnitReportReporter -->
<testsuite skipped="0" hostname="Ritesh-P" name="test.PathScenario" tests="1" failures="0" timestamp="2020-07-17T15:22:15 IST" time="2.660" errors="0">
  <testcase name="PreparedSpecifications" time="2.660" classname="test.PathScenario"/>
  <system-out/>
</testsuite> <!-- test.PathScenario -->
