<?xml version="1.0" encoding="UTF-8"?>
<!-- Generated by org.testng.reporters.JUnitReportReporter -->
<testsuite skipped="0" hostname="Ritesh-P" name="test.TestClass1" tests="2" failures="0" timestamp="2020-07-16T10:29:18 IST" time="1.846" errors="0">
  <testcase name="getListOfUsers" time="1.727" classname="test.TestClass1"/>
  <system-out/>
  <testcase name="getListOfUsers1" time="0.119" classname="test.TestClass1"/>
  <system-out/>
</testsuite> <!-- test.TestClass1 -->
